Using pre-set license
Built from '2020.3/staging' branch; Version is '2020.3.11f1 (99c7afb366b3) revision 10078127'; Using compiler version '192528614'; Build Type 'Release'
OS: 'Windows 10 Home; OS build 19041.985; Version 2004; 64bit' Language: 'en' Physical Memory: 16329 MB
BatchMode: 1, IsHumanControllingUs: 0, StartBugReporterOnCrash: 0, Is64bit: 1, IsPro: 0

 COMMAND LINE ARGUMENTS:
C:\Program Files\2020.3.11f1\Editor\Unity.exe
-adb2
-batchMode
-noUpm
-name
AssetImportWorker0
-projectPath
C:/Users/nicho/RayTraceAndMarch
-logFile
Logs/AssetImportWorker0.log
-srvPort
57460
Successfully changed project path to: C:/Users/nicho/RayTraceAndMarch
C:/Users/nicho/RayTraceAndMarch
Using Asset Import Pipeline V2.
Refreshing native plugins compatible for Editor in 25.19 ms, found 2 plugins.
Preloading 0 native plugins for Editor in 0.00 ms.
Initialize engine version: 2020.3.11f1 (99c7afb366b3)
[Subsystems] Discovering subsystems at path C:/Program Files/2020.3.11f1/Editor/Data/Resources/UnitySubsystems
[Subsystems] Discovering subsystems at path C:/Users/nicho/RayTraceAndMarch/Assets
GfxDevice: creating device client; threaded=0
Direct3D:
    Version:  Direct3D 11.0 [level 11.1]
    Renderer: NVIDIA GeForce RTX 3060 (ID=0x2503)
    Vendor:   
    VRAM:     12143 MB
    Driver:   27.21.14.6647
Initialize mono
Mono path[0] = 'C:/Program Files/2020.3.11f1/Editor/Data/Managed'
Mono path[1] = 'C:/Program Files/2020.3.11f1/Editor/Data/MonoBleedingEdge/lib/mono/unityjit'
Mono config path = 'C:/Program Files/2020.3.11f1/Editor/Data/MonoBleedingEdge/etc'
Using monoOptions --debugger-agent=transport=dt_socket,embedding=1,server=y,suspend=n,address=127.0.0.1:56112
Begin MonoManager ReloadAssembly
Registering precompiled unity dll's ...
Register platform support module: C:/Program Files/2020.3.11f1/Editor/Data/PlaybackEngines/WindowsStandaloneSupport/UnityEditor.WindowsStandalone.Extensions.dll
Registered in 0.001592 seconds.
Native extension for WindowsStandalone target not found
Refreshing native plugins compatible for Editor in 24.57 ms, found 2 plugins.
Preloading 0 native plugins for Editor in 0.00 ms.
Mono: successfully reloaded assembly
- Completed reload, in  0.835 seconds
Platform modules already initialized, skipping
Registering precompiled user dll's ...
Registered in 0.003028 seconds.
Begin MonoManager ReloadAssembly
Native extension for WindowsStandalone target not found
Refreshing native plugins compatible for Editor in 0.32 ms, found 2 plugins.
Preloading 0 native plugins for Editor in 0.00 ms.
Mono: successfully reloaded assembly
- Completed reload, in  0.770 seconds
Platform modules already initialized, skipping
========================================================================
Worker process is ready to serve import requests
Launched and connected shader compiler UnityShaderCompiler.exe after 0.03 seconds
Refreshing native plugins compatible for Editor in 0.36 ms, found 2 plugins.
Preloading 0 native plugins for Editor in 0.00 ms.
Unloading 1395 Unused Serialized files (Serialized files now loaded: 0)
System memory in use before: 65.2 MB.
System memory in use after: 65.2 MB.

Unloading 19 unused Assets to reduce memory usage. Loaded Objects now: 1829.
Total: 1.855400 ms (FindLiveObjects: 0.164200 ms CreateObjectMapping: 0.034800 ms MarkObjects: 1.582200 ms  DeleteObjects: 0.073200 ms)

========================================================================
Received Import Request.
  path: Assets/CustomScripts/RayMarch/RaymarchCompute.compute
  artifactKey: Guid(b5421ddb697530a47a64fde4db8dc356) Importer(815301076,1909f56bfc062723c751e8b465ee728b)
Start importing Assets/CustomScripts/RayMarch/RaymarchCompute.compute using Guid(b5421ddb697530a47a64fde4db8dc356) Importer(815301076,1909f56bfc062723c751e8b465ee728b)  -> (artifact id: '63de7131a469a20c644c5087455a606a') in 0.019742 seconds
  Import took 0.021800 seconds .

========================================================================
Received Prepare
Registering precompiled user dll's ...
Registered in 0.003135 seconds.
Begin MonoManager ReloadAssembly
Native extension for WindowsStandalone target not found
Refreshing native plugins compatible for Editor in 0.33 ms, found 2 plugins.
Preloading 0 native plugins for Editor in 0.00 ms.
Mono: successfully reloaded assembly
- Completed reload, in  0.707 seconds
Platform modules already initialized, skipping
Refreshing native plugins compatible for Editor in 0.33 ms, found 2 plugins.
Preloading 0 native plugins for Editor in 0.00 ms.
Unloading 1388 Unused Serialized files (Serialized files now loaded: 0)
System memory in use before: 64.9 MB.
System memory in use after: 65.0 MB.

Unloading 14 unused Assets to reduce memory usage. Loaded Objects now: 1832.
Total: 1.614500 ms (FindLiveObjects: 0.139700 ms CreateObjectMapping: 0.030000 ms MarkObjects: 1.401400 ms  DeleteObjects: 0.042500 ms)

========================================================================
Received Import Request.
  Time since last request: 98.837200 seconds.
  path: Assets/CustomScripts/RayMarch/RaymarchCompute.compute
  artifactKey: Guid(b5421ddb697530a47a64fde4db8dc356) Importer(815301076,1909f56bfc062723c751e8b465ee728b)
Start importing Assets/CustomScripts/RayMarch/RaymarchCompute.compute using Guid(b5421ddb697530a47a64fde4db8dc356) Importer(815301076,1909f56bfc062723c751e8b465ee728b)  -> (artifact id: 'a2c8e9fe3a94f7c4625be7dca3827bc1') in 0.010288 seconds
  Import took 0.012150 seconds .

========================================================================
Received Import Request.
  Time since last request: 69.658742 seconds.
  path: Assets/CustomScripts/RayMarch/RaymarchCompute.compute
  artifactKey: Guid(b5421ddb697530a47a64fde4db8dc356) Importer(815301076,1909f56bfc062723c751e8b465ee728b)
Start importing Assets/CustomScripts/RayMarch/RaymarchCompute.compute using Guid(b5421ddb697530a47a64fde4db8dc356) Importer(815301076,1909f56bfc062723c751e8b465ee728b)  -> (artifact id: '7fc652e9d8514e4192b016427742cf6e') in 0.002590 seconds
  Import took 0.004583 seconds .

========================================================================
Received Prepare
Registering precompiled user dll's ...
Registered in 0.003263 seconds.
Begin MonoManager ReloadAssembly
Native extension for WindowsStandalone target not found
Refreshing native plugins compatible for Editor in 0.32 ms, found 2 plugins.
Preloading 0 native plugins for Editor in 0.00 ms.
Mono: successfully reloaded assembly
- Completed reload, in  0.704 seconds
Platform modules already initialized, skipping
Refreshing native plugins compatible for Editor in 0.40 ms, found 2 plugins.
Preloading 0 native plugins for Editor in 0.00 ms.
Unloading 1388 Unused Serialized files (Serialized files now loaded: 0)
System memory in use before: 65.0 MB.
System memory in use after: 65.1 MB.

Unloading 14 unused Assets to reduce memory usage. Loaded Objects now: 1835.
Total: 1.614500 ms (FindLiveObjects: 0.139600 ms CreateObjectMapping: 0.029900 ms MarkObjects: 1.400000 ms  DeleteObjects: 0.044100 ms)

========================================================================
Received Import Request.
  Time since last request: 65.990583 seconds.
  path: Assets/CustomScripts/RayMarch/RaymarchCompute.compute
  artifactKey: Guid(b5421ddb697530a47a64fde4db8dc356) Importer(815301076,1909f56bfc062723c751e8b465ee728b)
Start importing Assets/CustomScripts/RayMarch/RaymarchCompute.compute using Guid(b5421ddb697530a47a64fde4db8dc356) Importer(815301076,1909f56bfc062723c751e8b465ee728b)  -> (artifact id: '7ee84f336ae87115d3087ce418c390e5') in 0.010218 seconds
  Import took 0.012322 seconds .

========================================================================
Received Prepare
Registering precompiled user dll's ...
Registered in 0.003100 seconds.
Begin MonoManager ReloadAssembly
Native extension for WindowsStandalone target not found
Refreshing native plugins compatible for Editor in 0.32 ms, found 2 plugins.
Preloading 0 native plugins for Editor in 0.00 ms.
Mono: successfully reloaded assembly
- Completed reload, in  0.716 seconds
Platform modules already initialized, skipping
Refreshing native plugins compatible for Editor in 0.33 ms, found 2 plugins.
Preloading 0 native plugins for Editor in 0.00 ms.
Unloading 1388 Unused Serialized files (Serialized files now loaded: 0)
System memory in use before: 65.0 MB.
System memory in use after: 65.1 MB.

Unloading 14 unused Assets to reduce memory usage. Loaded Objects now: 1838.
Total: 1.704100 ms (FindLiveObjects: 0.148000 ms CreateObjectMapping: 0.031400 ms MarkObjects: 1.460900 ms  DeleteObjects: 0.063000 ms)

========================================================================
Received Prepare
Registering precompiled user dll's ...
Registered in 0.003120 seconds.
Begin MonoManager ReloadAssembly
Native extension for WindowsStandalone target not found
Refreshing native plugins compatible for Editor in 0.33 ms, found 2 plugins.
Preloading 0 native plugins for Editor in 0.00 ms.
Mono: successfully reloaded assembly
- Completed reload, in  0.729 seconds
Platform modules already initialized, skipping
Refreshing native plugins compatible for Editor in 0.33 ms, found 2 plugins.
Preloading 0 native plugins for Editor in 0.00 ms.
Unloading 1388 Unused Serialized files (Serialized files now loaded: 0)
System memory in use before: 65.0 MB.
System memory in use after: 65.1 MB.

Unloading 14 unused Assets to reduce memory usage. Loaded Objects now: 1841.
Total: 1.704200 ms (FindLiveObjects: 0.170800 ms CreateObjectMapping: 0.029300 ms MarkObjects: 1.446900 ms  DeleteObjects: 0.056300 ms)

AssetImportWorkerClient::OnTransportError - code=2 error=End of file
